1763670870102162: THREAD 0 WAITING FOR MY TURN
1763670870102253: THREAD 0 AWAKENED FOR WORK
1763670870102275: THREAD 0 INSERT,1874280167,Shigeru Miyamoto,85000
1763670870102291: THREAD 0 WRITE LOCK ACQUIRED
1763670870102305: THREAD 0 WRITE LOCK RELEASED
1763670870102320: THREAD 1 WAITING FOR MY TURN
1763670870102354: THREAD 5 WAITING FOR MY TURN
1763670870102423: THREAD 2 WAITING FOR MY TURN
1763670870102456: THREAD 3 WAITING FOR MY TURN
1763670870102486: THREAD 6 WAITING FOR MY TURN
1763670870102530: THREAD 4 WAITING FOR MY TURN
1763670870102555: THREAD 7 WAITING FOR MY TURN
1763670870102580: THREAD 8 WAITING FOR MY TURN
1763670870102618: THREAD 9 WAITING FOR MY TURN
1763670870102660: THREAD 15 WAITING FOR MY TURN
1763670870102818: THREAD 11 WAITING FOR MY TURN
1763670870102836: THREAD 12 WAITING FOR MY TURN
1763670870102849: THREAD 13 WAITING FOR MY TURN
1763670870102876: THREAD 14 WAITING FOR MY TURN
1763670870102900: THREAD 10 WAITING FOR MY TURN
1763670870102925: THREAD 16 WAITING FOR MY TURN
1763670870102947: THREAD 23 WAITING FOR MY TURN
1763670870102966: THREAD 19 WAITING FOR MY TURN
1763670870102984: THREAD 18 WAITING FOR MY TURN
1763670870103002: THREAD 21 WAITING FOR MY TURN
1763670870103023: THREAD 25 WAITING FOR MY TURN
1763670870103041: THREAD 26 WAITING FOR MY TURN
1763670870103055: THREAD 17 WAITING FOR MY TURN
1763670870103111: THREAD 24 WAITING FOR MY TURN
1763670870103135: THREAD 20 WAITING FOR MY TURN
1763670870103155: THREAD 22 WAITING FOR MY TURN
1763670870103174: THREAD 27 WAITING FOR MY TURN
1763670870103192: THREAD 28 WAITING FOR MY TURN
1763670870103212: THREAD 35 WAITING FOR MY TURN
1763670870103231: THREAD 30 WAITING FOR MY TURN
1763670870103253: THREAD 31 WAITING FOR MY TURN
1763670870103274: THREAD 32 WAITING FOR MY TURN
1763670870103317: THREAD 33 WAITING FOR MY TURN
1763670870103356: THREAD 34 WAITING FOR MY TURN
1763670870103393: THREAD 29 WAITING FOR MY TURN
1763670870103422: THREAD 36 WAITING FOR MY TURN
1763670870103467: THREAD 37 WAITING FOR MY TURN
1763670870103495: THREAD 38 WAITING FOR MY TURN
1763670870103511: THREAD 51 WAITING FOR MY TURN
1763670870103554: THREAD 40 WAITING FOR MY TURN
1763670870103585: THREAD 41 WAITING FOR MY TURN
1763670870103622: THREAD 42 WAITING FOR MY TURN
1763670870103665: THREAD 43 WAITING FOR MY TURN
1763670870103703: THREAD 56 WAITING FOR MY TURN
1763670870103739: THREAD 45 WAITING FOR MY TURN
1763670870103770: THREAD 46 WAITING FOR MY TURN
1763670870103818: THREAD 47 WAITING FOR MY TURN
1763670870103889: THREAD 48 WAITING FOR MY TURN
1763670870103924: THREAD 49 WAITING FOR MY TURN
1763670870103957: THREAD 50 WAITING FOR MY TURN
1763670870103987: THREAD 39 WAITING FOR MY TURN
1763670870104028: THREAD 52 WAITING FOR MY TURN
1763670870104070: THREAD 53 WAITING FOR MY TURN
1763670870104113: THREAD 54 WAITING FOR MY TURN
1763670870104151: THREAD 55 WAITING FOR MY TURN
1763670870104247: THREAD 44 WAITING FOR MY TURN
1763670870104269: THREAD 57 WAITING FOR MY TURN
1763670870104292: THREAD 59 WAITING FOR MY TURN
1763670870104323: THREAD 58 WAITING FOR MY TURN
1763670870104678: THREAD 1 AWAKENED FOR WORK
1763670870104687: THREAD 1 INSERT,2569965317,Hideo Kojima,92000
1763670870104691: THREAD 1 WRITE LOCK ACQUIRED
1763670870104696: THREAD 1 WRITE LOCK RELEASED
1763670870105509: THREAD 2 AWAKENED FOR WORK
1763670870105518: THREAD 2 INSERT,448054155,Gabe Newell,88000
1763670870105524: THREAD 2 WRITE LOCK ACQUIRED
1763670870105529: THREAD 2 WRITE LOCK RELEASED
1763670870106488: THREAD 3 AWAKENED FOR WORK
1763670870106502: THREAD 3 INSERT,3885792650,Todd Howard,79000
1763670870106508: THREAD 3 WRITE LOCK ACQUIRED
1763670870106513: THREAD 3 WRITE LOCK RELEASED
1763670870107496: THREAD 4 AWAKENED FOR WORK
1763670870107507: THREAD 4 INSERT,1088855094,Hidetaka Miyazaki,95000
1763670870107512: THREAD 4 WRITE LOCK ACQUIRED
1763670870107516: THREAD 4 WRITE LOCK RELEASED
1763670870108650: THREAD 5 AWAKENED FOR WORK
1763670870108661: THREAD 5 PRINT
1763670870108665: THREAD 5 READ LOCK ACQUIRED
1763670870108698: THREAD 5 READ LOCK RELEASED
1763670870113339: THREAD 6 AWAKENED FOR WORK
1763670870113375: THREAD 6 SEARCH,1874280167,Shigeru Miyamoto
1763670870113381: THREAD 6 READ LOCK ACQUIRED
1763670870113385: THREAD 6 READ LOCK RELEASED
1763670870114682: THREAD 7 AWAKENED FOR WORK
1763670870114695: THREAD 7 SEARCH,2569965317,Hideo Kojima
1763670870114701: THREAD 7 READ LOCK ACQUIRED
1763670870114705: THREAD 7 READ LOCK RELEASED
1763670870115845: THREAD 8 AWAKENED FOR WORK
1763670870115861: THREAD 8 INSERT,1698859017,Hayao Miyazaki,105000
1763670870115868: THREAD 8 WRITE LOCK ACQUIRED
1763670870115873: THREAD 8 WRITE LOCK RELEASED
1763670870117155: THREAD 9 AWAKENED FOR WORK
1763670870117169: THREAD 9 INSERT,1636918322,Satoshi Kon,98000
1763670870117175: THREAD 9 WRITE LOCK ACQUIRED
1763670870117180: THREAD 9 WRITE LOCK RELEASED
1763670870118228: THREAD 10 AWAKENED FOR WORK
1763670870118241: THREAD 10 INSERT,2395623603,Makoto Shinkai,102000
1763670870118246: THREAD 10 WRITE LOCK ACQUIRED
1763670870118251: THREAD 10 WRITE LOCK RELEASED
1763670870119482: THREAD 11 AWAKENED FOR WORK
1763670870119494: THREAD 11 PRINT
1763670870119498: THREAD 11 READ LOCK ACQUIRED
1763670870119512: THREAD 11 READ LOCK RELEASED
1763670870127000: THREAD 12 AWAKENED FOR WORK
1763670870127021: THREAD 12 UPDATE,1874280167,Shigeru Miyamoto,90000
1763670870127027: THREAD 12 WRITE LOCK ACQUIRED
1763670870127032: THREAD 12 WRITE LOCK RELEASED
1763670870129392: THREAD 13 AWAKENED FOR WORK
1763670870129410: THREAD 13 UPDATE,2569965317,Hideo Kojima,97000
1763670870129417: THREAD 13 WRITE LOCK ACQUIRED
1763670870129422: THREAD 13 WRITE LOCK RELEASED
1763670870131505: THREAD 14 AWAKENED FOR WORK
1763670870131518: THREAD 14 SEARCH,1874280167,Shigeru Miyamoto
1763670870131523: THREAD 14 READ LOCK ACQUIRED
1763670870131527: THREAD 14 READ LOCK RELEASED
1763670870132542: THREAD 15 AWAKENED FOR WORK
1763670870132555: THREAD 15 SEARCH,2569965317,Hideo Kojima
1763670870132561: THREAD 15 READ LOCK ACQUIRED
1763670870132565: THREAD 15 READ LOCK RELEASED
1763670870133607: THREAD 16 AWAKENED FOR WORK
1763670870133620: THREAD 16 INSERT,3985384421,Cloud Strife,75000
1763670870133625: THREAD 16 WRITE LOCK ACQUIRED
1763670870133630: THREAD 16 WRITE LOCK RELEASED
1763670870134813: THREAD 17 AWAKENED FOR WORK
1763670870134825: THREAD 17 INSERT,1962867686,Samus Aran,78000
1763670870134830: THREAD 17 WRITE LOCK ACQUIRED
1763670870134835: THREAD 17 WRITE LOCK RELEASED
1763670870135905: THREAD 18 AWAKENED FOR WORK
1763670870135920: THREAD 18 INSERT,2984192943,Link,82000
1763670870135926: THREAD 18 WRITE LOCK ACQUIRED
1763670870135932: THREAD 18 WRITE LOCK RELEASED
1763670870136613: THREAD 19 AWAKENED FOR WORK
1763670870136628: THREAD 19 SEARCH,3985384421,Cloud Strife
1763670870136634: THREAD 19 READ LOCK ACQUIRED
1763670870136639: THREAD 19 READ LOCK RELEASED
1763670870137468: THREAD 20 AWAKENED FOR WORK
1763670870137484: THREAD 20 SEARCH,2984192943,Link
1763670870137491: THREAD 20 READ LOCK ACQUIRED
1763670870137496: THREAD 20 READ LOCK RELEASED
1763670870138309: THREAD 21 AWAKENED FOR WORK
1763670870138323: THREAD 21 PRINT
1763670870138329: THREAD 21 READ LOCK ACQUIRED
1763670870138335: THREAD 21 READ LOCK RELEASED
1763670870147078: THREAD 22 AWAKENED FOR WORK
1763670870147107: THREAD 22 DELETE,3885792650,Todd Howard
1763670870147114: THREAD 22 WRITE LOCK ACQUIRED
1763670870147120: THREAD 22 WRITE LOCK RELEASED
1763670870148728: THREAD 23 AWAKENED FOR WORK
1763670870148743: THREAD 23 SEARCH,3885792650,Todd Howard
1763670870148748: THREAD 23 READ LOCK ACQUIRED
1763670870148753: THREAD 23 READ LOCK RELEASED
1763670870149443: THREAD 24 AWAKENED FOR WORK
1763670870149458: THREAD 24 INSERT,1687466630,Solid Snake,80000
1763670870149464: THREAD 24 WRITE LOCK ACQUIRED
1763670870149470: THREAD 24 WRITE LOCK RELEASED
1763670870150440: THREAD 25 AWAKENED FOR WORK
1763670870150453: THREAD 25 INSERT,74577200,Master Chief,83000
1763670870150458: THREAD 25 WRITE LOCK ACQUIRED
1763670870150463: THREAD 25 WRITE LOCK RELEASED
1763670870151530: THREAD 26 AWAKENED FOR WORK
1763670870151546: THREAD 26 UPDATE,448054155,Gabe Newell,93000
1763670870151552: THREAD 26 WRITE LOCK ACQUIRED
1763670870151557: THREAD 26 WRITE LOCK RELEASED
1763670870153553: THREAD 27 AWAKENED FOR WORK
1763670870153572: THREAD 27 SEARCH,448054155,Gabe Newell
1763670870153579: THREAD 27 READ LOCK ACQUIRED
1763670870153584: THREAD 27 READ LOCK RELEASED
1763670870154504: THREAD 28 AWAKENED FOR WORK
1763670870154515: THREAD 28 INSERT,2407962485,Aerith Gainsborough,71000
1763670870154521: THREAD 28 WRITE LOCK ACQUIRED
1763670870154525: THREAD 28 WRITE LOCK RELEASED
1763670870155764: THREAD 29 AWAKENED FOR WORK
1763670870155776: THREAD 29 INSERT,577223543,Tifa Lockhart,69000
1763670870155781: THREAD 29 WRITE LOCK ACQUIRED
1763670870155786: THREAD 29 WRITE LOCK RELEASED
1763670870156848: THREAD 30 AWAKENED FOR WORK
1763670870156860: THREAD 30 INSERT,1944738683,Yuna,74000
1763670870156864: THREAD 30 WRITE LOCK ACQUIRED
1763670870156869: THREAD 30 WRITE LOCK RELEASED
1763670870157781: THREAD 31 AWAKENED FOR WORK
1763670870157795: THREAD 31 PRINT
1763670870157800: THREAD 31 READ LOCK ACQUIRED
1763670870157807: THREAD 31 READ LOCK RELEASED
1763670870168973: THREAD 32 AWAKENED FOR WORK
1763670870168996: THREAD 32 SEARCH,2407962485,Aerith Gainsborough
1763670870169002: THREAD 32 READ LOCK ACQUIRED
1763670870169007: THREAD 32 READ LOCK RELEASED
1763670870170013: THREAD 33 AWAKENED FOR WORK
1763670870170024: THREAD 33 UPDATE,2407962485,Aerith Gainsborough,76000
1763670870170029: THREAD 33 WRITE LOCK ACQUIRED
1763670870170033: THREAD 33 WRITE LOCK RELEASED
1763670870172170: THREAD 34 AWAKENED FOR WORK
1763670870172186: THREAD 34 SEARCH,2407962485,Aerith Gainsborough
1763670870172193: THREAD 34 READ LOCK ACQUIRED
1763670870172198: THREAD 34 READ LOCK RELEASED
1763670870173282: THREAD 35 AWAKENED FOR WORK
1763670870173294: THREAD 35 DELETE,1636918322,Satoshi Kon
1763670870173299: THREAD 35 WRITE LOCK ACQUIRED
1763670870173303: THREAD 35 WRITE LOCK RELEASED
1763670870174315: THREAD 36 AWAKENED FOR WORK
1763670870174332: THREAD 36 SEARCH,1636918322,Satoshi Kon
1763670870174339: THREAD 36 READ LOCK ACQUIRED
1763670870174344: THREAD 36 READ LOCK RELEASED
1763670870174991: THREAD 37 AWAKENED FOR WORK
1763670870175004: THREAD 37 INSERT,570842830,Nobuo Uematsu,88000
1763670870175010: THREAD 37 WRITE LOCK ACQUIRED
1763670870175015: THREAD 37 WRITE LOCK RELEASED
1763670870176448: THREAD 38 AWAKENED FOR WORK
1763670870176462: THREAD 38 INSERT,1499823524,Koji Kondo,86000
1763670870176468: THREAD 38 WRITE LOCK ACQUIRED
1763670870176473: THREAD 38 WRITE LOCK RELEASED
1763670870177280: THREAD 39 AWAKENED FOR WORK
1763670870177293: THREAD 39 INSERT,3972258834,Yoko Shimomura,91000
1763670870177299: THREAD 39 WRITE LOCK ACQUIRED
1763670870177305: THREAD 39 WRITE LOCK RELEASED
1763670870178219: THREAD 40 AWAKENED FOR WORK
1763670870178231: THREAD 40 PRINT
1763670870178235: THREAD 40 READ LOCK ACQUIRED
1763670870178240: THREAD 40 READ LOCK RELEASED
1763670870191182: THREAD 41 AWAKENED FOR WORK
1763670870191205: THREAD 41 UPDATE,1088855094,Hidetaka Miyazaki,100000
1763670870191211: THREAD 41 WRITE LOCK ACQUIRED
1763670870191215: THREAD 41 WRITE LOCK RELEASED
1763670870193767: THREAD 42 AWAKENED FOR WORK
1763670870193782: THREAD 42 UPDATE,1698859017,Hayao Miyazaki,110000
1763670870193787: THREAD 42 WRITE LOCK ACQUIRED
1763670870193792: THREAD 42 WRITE LOCK RELEASED
1763670870196009: THREAD 43 AWAKENED FOR WORK
1763670870196022: THREAD 43 SEARCH,1088855094,Hidetaka Miyazaki
1763670870196027: THREAD 43 READ LOCK ACQUIRED
1763670870196031: THREAD 43 READ LOCK RELEASED
1763670870196939: THREAD 44 AWAKENED FOR WORK
1763670870196954: THREAD 44 SEARCH,1698859017,Hayao Miyazaki
1763670870196961: THREAD 44 READ LOCK ACQUIRED
1763670870196966: THREAD 44 READ LOCK RELEASED
1763670870197983: THREAD 45 AWAKENED FOR WORK
1763670870197997: THREAD 45 INSERT,2149605728,Mario,65000
1763670870198004: THREAD 45 WRITE LOCK ACQUIRED
1763670870198014: THREAD 45 WRITE LOCK RELEASED
1763670870198935: THREAD 46 AWAKENED FOR WORK
1763670870198948: THREAD 46 INSERT,3075887164,Sonic,67000
1763670870198953: THREAD 46 WRITE LOCK ACQUIRED
1763670870198958: THREAD 46 WRITE LOCK RELEASED
1763670870199820: THREAD 47 AWAKENED FOR WORK
1763670870199832: THREAD 47 DELETE,577223543,Tifa Lockhart
1763670870199837: THREAD 47 WRITE LOCK ACQUIRED
1763670870199841: THREAD 47 WRITE LOCK RELEASED
1763670870200851: THREAD 48 AWAKENED FOR WORK
1763670870200865: THREAD 48 SEARCH,577223543,Tifa Lockhart
1763670870200871: THREAD 48 READ LOCK ACQUIRED
1763670870200876: THREAD 48 READ LOCK RELEASED
1763670870201595: THREAD 49 AWAKENED FOR WORK
1763670870201606: THREAD 49 INSERT,2553899711,Lara Croft,77000
1763670870201610: THREAD 49 WRITE LOCK ACQUIRED
1763670870201615: THREAD 49 WRITE LOCK RELEASED
1763670870202649: THREAD 50 AWAKENED FOR WORK
1763670870202665: THREAD 50 UPDATE,74577200,Master Chief,88000
1763670870202673: THREAD 50 WRITE LOCK ACQUIRED
1763670870202678: THREAD 50 WRITE LOCK RELEASED
1763670870204481: THREAD 51 AWAKENED FOR WORK
1763670870204498: THREAD 51 SEARCH,74577200,Master Chief
1763670870204505: THREAD 51 READ LOCK ACQUIRED
1763670870204509: THREAD 51 READ LOCK RELEASED
1763670870205432: THREAD 52 AWAKENED FOR WORK
1763670870205444: THREAD 52 PRINT
1763670870205448: THREAD 52 READ LOCK ACQUIRED
1763670870205454: THREAD 52 READ LOCK RELEASED
1763670870219266: THREAD 53 AWAKENED FOR WORK
1763670870219294: THREAD 53 INSERT,2693621267,Kirby,62000
1763670870219301: THREAD 53 WRITE LOCK ACQUIRED
1763670870219307: THREAD 53 WRITE LOCK RELEASED
1763670870220111: THREAD 54 AWAKENED FOR WORK
1763670870220138: THREAD 54 UPDATE,2984192943,Link,87000
1763670870220146: THREAD 54 WRITE LOCK ACQUIRED
1763670870220151: THREAD 54 WRITE LOCK RELEASED
1763670870221903: THREAD 55 AWAKENED FOR WORK
1763670870221915: THREAD 55 DELETE,1944738683,Yuna
1763670870221920: THREAD 55 WRITE LOCK ACQUIRED
1763670870221927: THREAD 55 WRITE LOCK RELEASED
1763670870222965: THREAD 56 AWAKENED FOR WORK
1763670870222980: THREAD 56 INSERT,1925106209,Geralt of Rivia,84000
1763670870222986: THREAD 56 WRITE LOCK ACQUIRED
1763670870222991: THREAD 56 WRITE LOCK RELEASED
1763670870223836: THREAD 57 AWAKENED FOR WORK
1763670870223855: THREAD 57 SEARCH,3031909796,Nonexistent Character
1763670870223872: THREAD 57 READ LOCK ACQUIRED
1763670870223877: THREAD 57 READ LOCK RELEASED
1763670870224614: THREAD 58 AWAKENED FOR WORK
1763670870224627: THREAD 58 UPDATE,1513496221,Missing Person,99999
1763670870224634: THREAD 58 WRITE LOCK ACQUIRED
1763670870224638: THREAD 58 WRITE LOCK RELEASED
1763670870225482: THREAD 59 AWAKENED FOR WORK
1763670870225493: THREAD 59 PRINT
1763670870225499: THREAD 59 READ LOCK ACQUIRED
1763670870225505: THREAD 59 READ LOCK RELEASED
1763670870239507: THREAD 60 PRINT
1763670870239532: THREAD 60 READ LOCK ACQUIRED
1763670870239539: THREAD 60 READ LOCK RELEASED
Number of lock acquisitions: 61
Number of lock releases: 61
Final Table:
74577200,Master Chief,88000
448054155,Gabe Newell,93000
570842830,Nobuo Uematsu,88000
1088855094,Hidetaka Miyazaki,100000
1499823524,Koji Kondo,86000
1687466630,Solid Snake,80000
1698859017,Hayao Miyazaki,110000
1874280167,Shigeru Miyamoto,90000
1925106209,Geralt of Rivia,84000
1962867686,Samus Aran,78000
2149605728,Mario,65000
2395623603,Makoto Shinkai,102000
2407962485,Aerith Gainsborough,76000
2553899711,Lara Croft,77000
2569965317,Hideo Kojima,97000
2693621267,Kirby,62000
2984192943,Link,87000
3075887164,Sonic,67000
3972258834,Yoko Shimomura,91000
3985384421,Cloud Strife,75000
